<?xml version="1.0" encoding="UTF-8"?>
<testsuites>
  <testsuite name="CLI Arguments" tests="2" assertions="2" errors="0" failures="0" skipped="0" time="0.119734">
    <testsuite name="Maatwebsite\Sidebar\Tests\Traits\RouteableTraitTest" file="C:\laragon\www\Laravel-Sidebar\tests\Traits\RouteableTraitTest.php" tests="2" assertions="2" errors="0" failures="0" skipped="0" time="0.119734">
      <testcase name="test_can_set_url" file="C:\laragon\www\Laravel-Sidebar\tests\Traits\RouteableTraitTest.php" line="29" class="Maatwebsite\Sidebar\Tests\Traits\RouteableTraitTest" classname="Maatwebsite.Sidebar.Tests.Traits.RouteableTraitTest" assertions="1" time="0.110373"/>
      <testcase name="test_can_set_route" file="C:\laragon\www\Laravel-Sidebar\tests\Traits\RouteableTraitTest.php" line="36" class="Maatwebsite\Sidebar\Tests\Traits\RouteableTraitTest" classname="Maatwebsite.Sidebar.Tests.Traits.RouteableTraitTest" assertions="1" time="0.009360"/>
    </testsuite>
  </testsuite>
</testsuites>
